[13:34:45] [main/WARN]: Ambiguity between arguments [teleport, location] and [teleport, destination] with inputs: [0.1 -0.5 .9, 0 0 0]
[13:34:45] [main/WARN]: Ambiguity between arguments [teleport, location] and [teleport, targets] with inputs: [0.1 -0.5 .9, 0 0 0]
[13:34:45] [main/WARN]: Ambiguity between arguments [teleport, targets] and [teleport, destination] with inputs: [Player, 0123, dd12be42-52a9-4a91-a8a1-11c01849e498]
[13:34:45] [main/WARN]: Ambiguity between arguments [teleport, targets, location] and [teleport, targets, destination] with inputs: [0.1 -0.5 .9, 0 0 0]
[13:34:45] [Server thread/INFO]: Starting minecraft server version 1.14.4
[13:34:45] [Server thread/INFO]: Loading properties
[13:34:45] [Server thread/INFO]: Default game type: SURVIVAL
[13:34:45] [Server thread/INFO]: Generating keypair
[13:34:46] [Server thread/INFO]: Starting Minecraft server on *:25565
[13:34:46] [Server thread/INFO]: Using default channel type
[13:34:46] [Server thread/INFO]: Preparing level "world"
[13:34:46] [Server thread/INFO]: Reloading ResourceManager: Default
[13:34:47] [Server thread/INFO]: Loaded 6 recipes
[13:34:47] [Server thread/INFO]: Loaded 811 advancements
[13:34:48] [Server thread/INFO]: Preparing start region for dimension minecraft:overworld
[13:34:49] [Server thread/INFO]: Preparing spawn area: 0%
[13:34:49] [Server thread/INFO]: Preparing spawn area: 0%
[13:34:49] [Server thread/INFO]: Preparing spawn area: 0%
[13:34:50] [Server thread/INFO]: Preparing spawn area: 0%
[13:35:06] [Server-Worker-2/INFO]: Preparing spawn area: 0%
[13:35:06] [Server-Worker-3/INFO]: Preparing spawn area: 0%
[13:35:06] [Server-Worker-3/INFO]: Preparing spawn area: 0%
[13:35:06] [Server-Worker-2/INFO]: Preparing spawn area: 0%
[13:35:06] [Server-Worker-3/INFO]: Preparing spawn area: 0%
[13:35:06] [Server-Worker-2/INFO]: Preparing spawn area: 0%
[13:35:06] [Server-Worker-3/INFO]: Preparing spawn area: 0%
[13:35:06] [Server-Worker-2/INFO]: Preparing spawn area: 0%
[13:35:06] [Server-Worker-3/INFO]: Preparing spawn area: 0%
[13:35:06] [Server-Worker-3/INFO]: Preparing spawn area: 0%
[13:35:06] [Server-Worker-2/INFO]: Preparing spawn area: 0%
[13:35:06] [Server-Worker-1/INFO]: Preparing spawn area: 0%
[13:35:06] [Server-Worker-2/INFO]: Preparing spawn area: 0%
[13:35:06] [Server-Worker-3/INFO]: Preparing spawn area: 0%
[13:35:06] [Server-Worker-3/INFO]: Preparing spawn area: 0%
[13:35:06] [Server-Worker-2/INFO]: Preparing spawn area: 0%
[13:35:06] [Server-Worker-1/INFO]: Preparing spawn area: 0%
[13:35:06] [Server-Worker-1/INFO]: Preparing spawn area: 0%
[13:35:06] [Server-Worker-2/INFO]: Preparing spawn area: 0%
[13:35:06] [Server-Worker-3/INFO]: Preparing spawn area: 0%
[13:35:06] [Server-Worker-2/INFO]: Preparing spawn area: 0%
[13:35:06] [Server-Worker-2/INFO]: Preparing spawn area: 0%
[13:35:06] [Server-Worker-3/INFO]: Preparing spawn area: 0%
[13:35:06] [Server-Worker-3/INFO]: Preparing spawn area: 0%
[13:35:06] [Server-Worker-3/INFO]: Preparing spawn area: 0%
[13:35:06] [Server-Worker-1/INFO]: Preparing spawn area: 0%
[13:35:06] [Server-Worker-2/INFO]: Preparing spawn area: 0%
[13:35:06] [Server-Worker-1/INFO]: Preparing spawn area: 0%
[13:35:06] [Server-Worker-2/INFO]: Preparing spawn area: 0%
[13:35:06] [Server-Worker-1/INFO]: Preparing spawn area: 0%
[13:35:06] [Server-Worker-1/INFO]: Preparing spawn area: 0%
[13:35:06] [Server-Worker-3/INFO]: Preparing spawn area: 0%
[13:35:06] [Server-Worker-3/INFO]: Preparing spawn area: 0%
[13:35:09] [Server-Worker-2/INFO]: Preparing spawn area: 97%
[13:35:09] [Server-Worker-3/INFO]: Preparing spawn area: 97%
[13:35:09] [Server-Worker-1/INFO]: Preparing spawn area: 97%
[13:35:09] [Server-Worker-3/INFO]: Preparing spawn area: 97%
[13:35:09] [Server-Worker-1/INFO]: Preparing spawn area: 97%
[13:35:09] [Server-Worker-3/INFO]: Preparing spawn area: 97%
[13:35:10] [Server thread/INFO]: Preparing spawn area: 97%
[13:35:10] [Server-Worker-3/INFO]: Preparing spawn area: 97%
[13:35:10] [Server thread/INFO]: Time elapsed: 22288 ms
[13:35:10] [Server thread/INFO]: Done (24.033s)! For help, type "help"
[13:36:13] [User Authenticator #1/INFO]: UUID of player MOIcMOI1000 is 99322aa7-025c-49b9-a6e4-eae8561fbd42
[13:36:13] [Server thread/INFO]: MOIcMOI1000[/127.0.0.1:59794] logged in with entity id 441 at (314.20979971898737, 69.9375, 214.04944336883793)
[13:36:13] [Server thread/INFO]: MOIcMOI1000 joined the game
[13:36:16] [Server thread/WARN]: Can't keep up! Is the server overloaded? Running 2059ms or 41 ticks behind
[13:36:35] [Server thread/WARN]: Can't keep up! Is the server overloaded? Running 4750ms or 95 ticks behind
[13:40:20] [Server thread/WARN]: Can't keep up! Is the server overloaded? Running 2940ms or 58 ticks behind
[13:45:00] [Server thread/WARN]: Can't keep up! Is the server overloaded? Running 2001ms or 40 ticks behind
[13:56:30] [Server thread/WARN]: Can't keep up! Is the server overloaded? Running 2027ms or 40 ticks behind
[13:59:58] [Server thread/WARN]: Fetching packet for removed entity atx['Air'/3122, l='world', x=265.95, y=68.00, z=210.50]
[14:01:41] [Server thread/INFO]: MOIcMOI1000 lost connection: Disconnected
[14:01:41] [Server thread/INFO]: MOIcMOI1000 left the game
[14:02:13] [Server thread/INFO]: /advancement (grant|revoke)
[14:02:13] [Server thread/INFO]: /ban <targets> [<reason>]
[14:02:13] [Server thread/INFO]: /ban-ip <target> [<reason>]
[14:02:13] [Server thread/INFO]: /banlist [ips|players]
[14:02:13] [Server thread/INFO]: /bossbar (add|get|list|remove|set)
[14:02:13] [Server thread/INFO]: /clear [<targets>]
[14:02:13] [Server thread/INFO]: /clone <begin> <end> <destination> [filtered|masked|replace]
[14:02:13] [Server thread/INFO]: /data (get|merge|modify|remove)
[14:02:13] [Server thread/INFO]: /datapack (disable|enable|list)
[14:02:13] [Server thread/INFO]: /debug (report|start|stop)
[14:02:13] [Server thread/INFO]: /defaultgamemode (adventure|creative|spectator|survival)
[14:02:13] [Server thread/INFO]: /deop <targets>
[14:02:13] [Server thread/INFO]: /difficulty [easy|hard|normal|peaceful]
[14:02:13] [Server thread/INFO]: /effect (clear|give)
[14:02:13] [Server thread/INFO]: /enchant <targets> <enchantment> [<level>]
[14:02:13] [Server thread/INFO]: /execute (align|anchored|as|at|facing|if|in|positioned|rotated|run|store|unless)
[14:02:13] [Server thread/INFO]: /experience (add|query|set)
[14:02:13] [Server thread/INFO]: /fill <from> <to> <block> [destroy|hollow|keep|outline|replace]
[14:02:13] [Server thread/INFO]: /forceload (add|query|remove)
[14:02:13] [Server thread/INFO]: /function <name>
[14:02:13] [Server thread/INFO]: /gamemode (adventure|creative|spectator|survival)
[14:02:13] [Server thread/INFO]: /gamerule (announceAdvancements|commandBlockOutput|disableElytraMovementCheck|disableRaids|doDaylightCycle|doEntityDrops|doFireTick|doLimitedCrafting|doMobLoot|doMobSpawning|doTileDrops|doWeatherCycle|keepInventory|logAdminCommands|maxCommandChainLength|maxEntityCramming|mobGriefing|naturalRegeneration|randomTickSpeed|reducedDebugInfo|sendCommandFeedback|showDeathMessages|spawnRadius|spectatorsGenerateChunks)
[14:02:13] [Server thread/INFO]: /give <targets> <item> [<count>]
[14:02:13] [Server thread/INFO]: /help [<command>]
[14:02:13] [Server thread/INFO]: /kick <targets> [<reason>]
[14:02:13] [Server thread/INFO]: /kill <targets>
[14:02:13] [Server thread/INFO]: /list [uuids]
[14:02:13] [Server thread/INFO]: /locate (Buried_Treasure|Desert_Pyramid|EndCity|Fortress|Igloo|Jungle_Pyramid|Mansion|Mineshaft|Monument|Ocean_Ruin|Pillager_Outpost|Shipwreck|Stronghold|Swamp_Hut|Village)
[14:02:13] [Server thread/INFO]: /loot (give|insert|replace|spawn)
[14:02:13] [Server thread/INFO]: /me <action>
[14:02:13] [Server thread/INFO]: /msg <targets> <message>
[14:02:13] [Server thread/INFO]: /op <targets>
[14:02:13] [Server thread/INFO]: /pardon <targets>
[14:02:13] [Server thread/INFO]: /pardon-ip <target>
[14:02:13] [Server thread/INFO]: /particle <name> [<pos>]
[14:02:13] [Server thread/INFO]: /playsound <sound> (ambient|block|hostile|master|music|neutral|player|record|voice|weather)
[14:02:13] [Server thread/INFO]: /recipe (give|take)
[14:02:13] [Server thread/INFO]: /reload
[14:02:13] [Server thread/INFO]: /replaceitem (block|entity)
[14:02:13] [Server thread/INFO]: /save-all [flush]
[14:02:13] [Server thread/INFO]: /save-off
[14:02:13] [Server thread/INFO]: /save-on
[14:02:13] [Server thread/INFO]: /say <message>
[14:02:13] [Server thread/INFO]: /schedule function <function> <time>
[14:02:13] [Server thread/INFO]: /scoreboard (objectives|players)
[14:02:13] [Server thread/INFO]: /seed
[14:02:13] [Server thread/INFO]: /setblock <pos> <block> [destroy|keep|replace]
[14:02:13] [Server thread/INFO]: /setidletimeout <minutes>
[14:02:13] [Server thread/INFO]: /setworldspawn [<pos>]
[14:02:13] [Server thread/INFO]: /spawnpoint [<targets>]
[14:02:13] [Server thread/INFO]: /spreadplayers <center> <spreadDistance> <maxRange> <respectTeams> <targets>
[14:02:13] [Server thread/INFO]: /stop
[14:02:13] [Server thread/INFO]: /stopsound <targets> [*|ambient|block|hostile|master|music|neutral|player|record|voice|weather]
[14:02:13] [Server thread/INFO]: /summon <entity> [<pos>]
[14:02:13] [Server thread/INFO]: /tag <targets> (add|list|remove)
[14:02:13] [Server thread/INFO]: /team (add|empty|join|leave|list|modify|remove)
[14:02:13] [Server thread/INFO]: /teammsg <message>
[14:02:13] [Server thread/INFO]: /teleport (<destination>|<location>|<targets>)
[14:02:13] [Server thread/INFO]: /tell -> msg
[14:02:13] [Server thread/INFO]: /tellraw <targets> <message>
[14:02:13] [Server thread/INFO]: /time (add|query|set)
[14:02:13] [Server thread/INFO]: /title <targets> (actionbar|clear|reset|subtitle|times|title)
[14:02:13] [Server thread/INFO]: /tm -> teammsg
[14:02:13] [Server thread/INFO]: /tp -> teleport
[14:02:13] [Server thread/INFO]: /trigger <objective> [add|set]
[14:02:13] [Server thread/INFO]: /w -> msg
[14:02:13] [Server thread/INFO]: /weather (clear|rain|thunder)
[14:02:13] [Server thread/INFO]: /whitelist (add|list|off|on|reload|remove)
[14:02:13] [Server thread/INFO]: /worldborder (add|center|damage|get|set|warning)
[14:02:13] [Server thread/INFO]: /xp -> experience
[14:02:26] [Server thread/INFO]: Unknown command
[14:02:26] [Server thread/INFO]: ip<--[HERE]
[14:02:29] [Server thread/INFO]: Unknown command
[14:02:29] [Server thread/INFO]: /ip<--[HERE]
[14:08:14] [User Authenticator #2/INFO]: UUID of player MOIcMOI1000 is 99322aa7-025c-49b9-a6e4-eae8561fbd42
[14:08:14] [Server thread/INFO]: MOIcMOI1000[/192.168.1.98:60802] logged in with entity id 3315 at (298.12391502615714, 70.0, 231.3490115361815)
[14:08:14] [Server thread/INFO]: MOIcMOI1000 joined the game
[14:11:36] [User Authenticator #3/INFO]: UUID of player Kislapet is 45ff7502-7f5e-4053-9bdb-a336dd7e962b
[14:11:36] [Server thread/INFO]: Kislapet[/82.125.95.185:49806] logged in with entity id 3700 at (170.5, 87.0, 246.5)
[14:11:36] [Server thread/INFO]: Kislapet joined the game
[14:12:44] [Server thread/INFO]: <Kislapet> JZJD
[14:13:24] [Server thread/INFO]: <MOIcMOI1000> BJRE
[14:13:31] [Server thread/INFO]: <Kislapet> BOUJOURE
[14:13:42] [Server thread/INFO]: <MOIcMOI1000> 300/200
[14:14:13] [Server thread/WARN]: Can't keep up! Is the server overloaded? Running 2006ms or 40 ticks behind
[14:14:42] [Server thread/INFO]: <MOIcMOI1000> vien
[14:14:55] [Server thread/INFO]: <Kislapet> T'as un nos
[14:15:00] [Server thread/INFO]: <MOIcMOI1000> plin
[14:15:05] [Server thread/INFO]: <Kislapet> viens
[14:15:11] [Server thread/INFO]: <Kislapet> 276 312
[14:15:11] [Server thread/INFO]: <MOIcMOI1000> t ou
[14:15:30] [Server thread/INFO]: <MOIcMOI1000> a jte vwa
[14:15:30] [Server thread/WARN]: Can't keep up! Is the server overloaded? Running 3869ms or 77 ticks behind
[14:16:32] [Server thread/INFO]: Kislapet has made the advancement [Best Friends Forever]
[14:16:39] [Server thread/WARN]: Can't keep up! Is the server overloaded? Running 2030ms or 40 ticks behind
[14:17:02] [Server thread/WARN]: Can't keep up! Is the server overloaded? Running 2001ms or 40 ticks behind
[14:17:42] [Server thread/INFO]: <Kislapet> t'as tout fait tt seul?
[14:17:52] [Server thread/INFO]: <MOIcMOI1000> le village etait deja la
[14:18:08] [Server thread/INFO]: <MOIcMOI1000> mais les pnj se sont fait tous tuer sauf un
[14:18:31] [Server thread/INFO]: <MOIcMOI1000> jai du en kidnapper dun village voisin, les deplacer et tout pour les faire se reproduire ici, la grosse galere
[14:18:43] [Server thread/INFO]: <Kislapet> X)
[14:19:03] [Server thread/WARN]: Can't keep up! Is the server overloaded? Running 2010ms or 40 ticks behind
[14:19:08] [Server thread/INFO]: <MOIcMOI1000> ah oui, ne tue jamais un villageois gris ave cune baniere
[14:19:15] [Server thread/INFO]: <MOIcMOI1000> sinon ils raid ton village
[14:19:18] [Server thread/INFO]: <MOIcMOI1000> je re
[14:19:21] [Server thread/WARN]: Can't keep up! Is the server overloaded? Running 2898ms or 57 ticks behind
[14:20:41] [Server thread/WARN]: Can't keep up! Is the server overloaded? Running 2562ms or 51 ticks behind
[14:24:26] [Server thread/INFO]: Kislapet has made the advancement [The Parrots and the Bats]
[14:28:23] [Server thread/WARN]: Can't keep up! Is the server overloaded? Running 2002ms or 40 ticks behind
[14:30:05] [Server thread/INFO]: <MOIcMOI1000> tas un perroquet?
[14:30:21] [Server thread/INFO]: <Kislapet> nop
[14:30:51] [Server thread/WARN]: Can't keep up! Is the server overloaded? Running 2006ms or 40 ticks behind
[14:31:08] [Server thread/WARN]: Can't keep up! Is the server overloaded? Running 2055ms or 41 ticks behind
[14:32:02] [Server thread/WARN]: Can't keep up! Is the server overloaded? Running 2008ms or 40 ticks behind
[14:32:12] [Server thread/INFO]: <MOIcMOI1000> t ou
[14:32:30] [Server thread/INFO]: <Kislapet> dans un coin
[14:32:36] [Server thread/WARN]: Can't keep up! Is the server overloaded? Running 2023ms or 40 ticks behind
[14:33:00] [Server thread/WARN]: Can't keep up! Is the server overloaded? Running 2008ms or 40 ticks behind
[14:33:21] [Server thread/INFO]: <MOIcMOI1000> fais toi une maison, un champ aussi si tu veux
[14:35:38] [Server thread/INFO]: <Kislapet> cest lui ki fqut pas taper?
[14:35:48] [Server thread/INFO]: <MOIcMOI1000> hein?
[14:35:52] [Server thread/INFO]: <MOIcMOI1000> non
[14:35:55] [Server thread/WARN]: Can't keep up! Is the server overloaded? Running 2114ms or 42 ticks behind
[14:36:05] [Server thread/INFO]: <MOIcMOI1000> la nouvelle mage rajoute les illager
[14:36:17] [Server thread/INFO]: <MOIcMOI1000> cest des villageois a la peau grise qui sont mechants
[14:36:37] [Server thread/INFO]: <MOIcMOI1000> et leurs chefs de clans se baladent avec une banniere
[14:36:49] [Server thread/INFO]: <Kislapet> ok
[14:36:58] [Server thread/INFO]: <MOIcMOI1000> si tu tues un chef de clan tu deviens recherche par les illageois
[14:37:06] [Server thread/WARN]: Can't keep up! Is the server overloaded? Running 2081ms or 41 ticks behind
[14:37:19] [Server thread/INFO]: <MOIcMOI1000> et si tu entres dans un village en etant recherche, les illageois attaquent le village
[14:37:34] [Server thread/INFO]: <MOIcMOI1000> et ils peuvent etre TRES forts
[14:38:00] [Server thread/INFO]: <MOIcMOI1000> doinc faut faire tres gaffe
[14:38:30] [Server thread/INFO]: <MOIcMOI1000> si tes amenee a en tuer un , bois du lait avant de tapprocher dun village comme ca ca annule leffet
[14:39:11] [Server thread/INFO]: <Kislapet> ok
[14:41:09] [Server thread/INFO]: <MOIcMOI1000> et maintenant les pnj ont des metiers
[14:41:20] [Server thread/INFO]: <Kislapet> bah cetait deja le cas avant?
[14:41:27] [Server thread/INFO]: <MOIcMOI1000> genre pour quun pnj naisse il faut quun lit soit libre dans le village
[14:41:43] [Server thread/INFO]: <MOIcMOI1000> et pour quil prenne un metier, il faut un bloc de metier
[14:41:57] [Server thread/INFO]: <MOIcMOI1000> genre tonneau -> pecheur
[14:42:03] [Server thread/INFO]: <Kislapet> ok
[14:42:06] [Server thread/INFO]: <MOIcMOI1000> alambic -> pretre
[14:42:13] [Server thread/INFO]: <Kislapet> ??
[14:42:18] [Server thread/INFO]: <MOIcMOI1000> composteur -> fermier
[14:42:27] [Server thread/INFO]: <Kislapet> Ah sympa X)
[14:42:36] [Server thread/INFO]: <Kislapet> Alors toi, tu seras... éboueur !
[14:42:37] [Server thread/INFO]: <MOIcMOI1000> truc pour faire des drapeaux -> berger
[14:42:54] [Server thread/INFO]: <MOIcMOI1000> blast furnace -> forgeron
[14:43:09] [Server thread/INFO]: <MOIcMOI1000> taille de pierre -> macon
[14:43:28] [Server thread/INFO]: <MOIcMOI1000> meule pour les armes -> armurier
[14:43:58] [Server thread/INFO]: <MOIcMOI1000> et sinon jessaie de faire des douves autour de la vile
[14:44:16] [Server thread/INFO]: <MOIcMOI1000> et quand je pourrai un systeme automatise pour ouvrir les portes
[14:44:21] [Server thread/INFO]: <Kislapet> AH
[14:45:20] [Server thread/INFO]: <Kislapet> Faut que je fqsse un hg, tu veux pas venir?
[14:45:28] [Server thread/INFO]: <MOIcMOI1000> nn
[14:45:39] [Server thread/INFO]: <MOIcMOI1000> cest lanniv de sara, je restre un peu avec elle
[14:45:59] [Server thread/INFO]: <Kislapet> Oooooh souhaite lui un joyeux anniv de ma part
[14:46:00] [Server thread/WARN]: Can't keep up! Is the server overloaded? Running 2003ms or 40 ticks behind
[14:46:33] [Server thread/INFO]: <MOIcMOI1000> elle dit merci
[14:46:40] [Server thread/INFO]: <Kislapet> Bon je vais tester, du coup je reviendrai ptet plus tard dans laprem
[14:46:45] [Server thread/INFO]: <MOIcMOI1000> et elle demande comment vont tes jambes (gne?)
[14:46:52] [Server thread/INFO]: <Kislapet> Elles vont X)
[14:46:59] [Server thread/INFO]: <Kislapet> nickel
[14:47:00] [Server thread/INFO]: <MOIcMOI1000> ah mais jaurai ptet coupe le serveur
[14:47:04] [Server thread/INFO]: <MOIcMOI1000> justement
[14:47:11] [Server thread/INFO]: <Kislapet> Bah je t'attendrai tkt
[14:47:14] [Server thread/INFO]: <MOIcMOI1000> vous avex une bonne connection a la maison?
[14:47:26] [Server thread/INFO]: <Kislapet> bof ca va
[14:47:33] [Server thread/INFO]: <MOIcMOI1000> parce que
[14:47:40] [Server thread/INFO]: <MOIcMOI1000> je pourrai te filer le serveur
[14:47:51] [Server thread/INFO]: <MOIcMOI1000> et tu pourrais le faire tourner sur lordi dans ma chambre mdr
[14:48:04] [Server thread/INFO]: [Server] mdr
[14:48:11] [Server thread/INFO]: <Kislapet> boooouh la conso d'electricitéééé
[14:48:17] [Server thread/INFO]: [Server] cest dieu qui parle
[14:48:38] [Server thread/INFO]: Unknown command
[14:48:38] [Server thread/INFO]: ui cest le pb<--[HERE]
[14:48:44] [Server thread/INFO]: [Server] ui cest le pb
[14:49:10] [Server thread/INFO]: <Kislapet> bah envoie le fichier, c'est pas tres lourd?
[14:49:30] [Server thread/INFO]: [Server] 100mo
[14:49:45] [Server thread/INFO]: <Kislapet> ca vaaa
[14:49:58] [Server thread/INFO]: Unknown command
[14:49:58] [Server thread/INFO]: il a toujours windows lordi a la maison?<--[HERE]
[14:50:08] [Server thread/INFO]: [Server] il a tj windows lordi a la maison?
[14:50:13] [Server thread/INFO]: <Kislapet> mais faut la map et tout aussi jcrois?
[14:50:24] [Server thread/INFO]: [Server] oui ya la map dedans tkt
[14:50:27] [Server thread/INFO]: <Kislapet> Bah je sais pas, je men suis jamais servie
[14:50:36] [Server thread/INFO]: [Server] je crois quil est sur linux
[14:50:54] [Server thread/INFO]: [Server] du coup javais fait un .bat pour lancer le serveur sur windows avec une copmmande
[14:51:23] [Server thread/INFO]: [Server] mais bon maintenant tu sais faire des .sh pour lancer des serveurs minecraft alors je te laisserai le soin de ten occuper
[14:51:47] [Server thread/INFO]: <Kislapet> heeeueuuuuu
[14:51:52] [Server thread/INFO]: <Kislapet> vouai?
[14:52:10] [Server thread/INFO]: <Kislapet> mais cest quoi un .bqt?
[14:52:21] [Server thread/INFO]: Unknown command
[14:52:21] [Server thread/INFO]: c'est lequivalent de .sh sous windows<--[HERE]
[14:52:33] [Server thread/INFO]: [Server] cest lequivalent de .sh mais pour windows
[14:52:56] [Server thread/INFO]: <Kislapet> En gros faut que je fasse quoi sur linux?
[14:53:26] [Server thread/INFO]: [Server] bah tu mets le dossier du serveur genre sur le bureau et tu lance le serveur
[14:53:40] [Server thread/INFO]: <Kislapet> ah mais ya pas a faire de .sh?
[14:54:05] [Server thread/INFO]: [Server] tas une commande un peu cheloue pour le lancer mais bon tu la fous dans un .sh comme ca tas juste a lancer le .sh
[14:54:45] [Server thread/INFO]: [Server] pas sur que lordi aie java par contre
[14:55:05] [Server thread/INFO]: [Server] mais dans ce cas tu fais juste sudo apt-get java
[14:55:54] [Server thread/INFO]: <Kislapet> mais c'est quoi la commande un peu cheloue?
[14:56:12] [Server thread/INFO]: [Server] elle est dans le .bat tu verras
[14:56:49] [Server thread/INFO]: <Kislapet> ouh pitaing je sens que je vais faire des conneries
[14:57:09] [Server thread/WARN]: Can't keep up! Is the server overloaded? Running 2050ms or 41 ticks behind
[14:57:25] [Server thread/INFO]: <MOIcMOI1000> pk
[14:58:27] [Server thread/INFO]: <Kislapet> pcq c'est compliquééé
[14:58:52] [Server thread/INFO]: <MOIcMOI1000> a cote de ce que tas fait a 42 cest rien
[14:59:01] [Server thread/INFO]: <Kislapet> Mais quand je le ferai je t'apellerai
[14:59:23] [Server thread/INFO]: <Kislapet> Bah ouais mais les histoires d'app get et tout je sais pas trop cmt ca marche
[14:59:32] [Server thread/INFO]: <MOIcMOI1000> ca cest linux
[14:59:32] [Server thread/WARN]: Can't keep up! Is the server overloaded? Running 2515ms or 50 ticks behind
[14:59:34] [Server thread/INFO]: <Kislapet> et de sudo, javais pas fini le shell
[14:59:43] [Server thread/INFO]: <MOIcMOI1000> cest linux aussi
[14:59:47] [Server thread/INFO]: <Kislapet> oui je sais
[14:59:55] [Server thread/INFO]: <MOIcMOI1000> sudo ca te fait passer admin le tenmps dune commande
[15:00:21] [Server thread/INFO]: <MOIcMOI1000> apt-get cest un truc de linux qui te permet de telecharger facilement des applications et des bibliotheques
[15:00:37] [Server thread/INFO]: <MOIcMOI1000> sinon tu vas juste sur le site de java et tu telecharge java ca marche aussi
[15:00:51] [Server thread/INFO]: <Kislapet> bah je vais essayer quand meme
[15:01:11] [Server thread/WARN]: Can't keep up! Is the server overloaded? Running 2001ms or 40 ticks behind
[15:01:57] [Server thread/INFO]: <Kislapet> Tu me l'enverras ou le fichier?
[15:04:24] [Server thread/INFO]: <MOIcMOI1000> github
[15:04:59] [Server thread/INFO]: MOIcMOI1000 lost connection: Disconnected
[15:04:59] [Server thread/INFO]: MOIcMOI1000 left the game
[15:05:42] [Server thread/INFO]: [Server] jai un deposit sur mon github pour les serveurs minecraft
[15:05:49] [Server thread/INFO]: <Kislapet> oki
[15:07:15] [Server thread/INFO]: Unknown command
[15:07:15] [Server thread/INFO]: /save<--[HERE]
[15:07:19] [Server thread/INFO]: /advancement (grant|revoke)
[15:07:19] [Server thread/INFO]: /ban <targets> [<reason>]
[15:07:19] [Server thread/INFO]: /ban-ip <target> [<reason>]
[15:07:19] [Server thread/INFO]: /banlist [ips|players]
[15:07:19] [Server thread/INFO]: /bossbar (add|get|list|remove|set)
[15:07:19] [Server thread/INFO]: /clear [<targets>]
[15:07:19] [Server thread/INFO]: /clone <begin> <end> <destination> [filtered|masked|replace]
[15:07:19] [Server thread/INFO]: /data (get|merge|modify|remove)
[15:07:19] [Server thread/INFO]: /datapack (disable|enable|list)
[15:07:19] [Server thread/INFO]: /debug (report|start|stop)
[15:07:19] [Server thread/INFO]: /defaultgamemode (adventure|creative|spectator|survival)
[15:07:19] [Server thread/INFO]: /deop <targets>
[15:07:19] [Server thread/INFO]: /difficulty [easy|hard|normal|peaceful]
[15:07:19] [Server thread/INFO]: /effect (clear|give)
[15:07:19] [Server thread/INFO]: /enchant <targets> <enchantment> [<level>]
[15:07:19] [Server thread/INFO]: /execute (align|anchored|as|at|facing|if|in|positioned|rotated|run|store|unless)
[15:07:19] [Server thread/INFO]: /experience (add|query|set)
[15:07:19] [Server thread/INFO]: /fill <from> <to> <block> [destroy|hollow|keep|outline|replace]
[15:07:19] [Server thread/INFO]: /forceload (add|query|remove)
[15:07:19] [Server thread/INFO]: /function <name>
[15:07:19] [Server thread/INFO]: /gamemode (adventure|creative|spectator|survival)
[15:07:19] [Server thread/INFO]: /gamerule (announceAdvancements|commandBlockOutput|disableElytraMovementCheck|disableRaids|doDaylightCycle|doEntityDrops|doFireTick|doLimitedCrafting|doMobLoot|doMobSpawning|doTileDrops|doWeatherCycle|keepInventory|logAdminCommands|maxCommandChainLength|maxEntityCramming|mobGriefing|naturalRegeneration|randomTickSpeed|reducedDebugInfo|sendCommandFeedback|showDeathMessages|spawnRadius|spectatorsGenerateChunks)
[15:07:19] [Server thread/INFO]: /give <targets> <item> [<count>]
[15:07:19] [Server thread/INFO]: /help [<command>]
[15:07:19] [Server thread/INFO]: /kick <targets> [<reason>]
[15:07:19] [Server thread/INFO]: /kill <targets>
[15:07:19] [Server thread/INFO]: /list [uuids]
[15:07:19] [Server thread/INFO]: /locate (Buried_Treasure|Desert_Pyramid|EndCity|Fortress|Igloo|Jungle_Pyramid|Mansion|Mineshaft|Monument|Ocean_Ruin|Pillager_Outpost|Shipwreck|Stronghold|Swamp_Hut|Village)
[15:07:19] [Server thread/INFO]: /loot (give|insert|replace|spawn)
[15:07:19] [Server thread/INFO]: /me <action>
[15:07:19] [Server thread/INFO]: /msg <targets> <message>
[15:07:19] [Server thread/INFO]: /op <targets>
[15:07:19] [Server thread/INFO]: /pardon <targets>
[15:07:19] [Server thread/INFO]: /pardon-ip <target>
[15:07:19] [Server thread/INFO]: /particle <name> [<pos>]
[15:07:19] [Server thread/INFO]: /playsound <sound> (ambient|block|hostile|master|music|neutral|player|record|voice|weather)
[15:07:19] [Server thread/INFO]: /recipe (give|take)
[15:07:19] [Server thread/INFO]: /reload
[15:07:19] [Server thread/INFO]: /replaceitem (block|entity)
[15:07:19] [Server thread/INFO]: /save-all [flush]
[15:07:19] [Server thread/INFO]: /save-off
[15:07:19] [Server thread/INFO]: /save-on
[15:07:19] [Server thread/INFO]: /say <message>
[15:07:19] [Server thread/INFO]: /schedule function <function> <time>
[15:07:19] [Server thread/INFO]: /scoreboard (objectives|players)
[15:07:19] [Server thread/INFO]: /seed
[15:07:19] [Server thread/INFO]: /setblock <pos> <block> [destroy|keep|replace]
[15:07:19] [Server thread/INFO]: /setidletimeout <minutes>
[15:07:19] [Server thread/INFO]: /setworldspawn [<pos>]
[15:07:19] [Server thread/INFO]: /spawnpoint [<targets>]
[15:07:19] [Server thread/INFO]: /spreadplayers <center> <spreadDistance> <maxRange> <respectTeams> <targets>
[15:07:19] [Server thread/INFO]: /stop
[15:07:19] [Server thread/INFO]: /stopsound <targets> [*|ambient|block|hostile|master|music|neutral|player|record|voice|weather]
[15:07:19] [Server thread/INFO]: /summon <entity> [<pos>]
[15:07:19] [Server thread/INFO]: /tag <targets> (add|list|remove)
[15:07:19] [Server thread/INFO]: /team (add|empty|join|leave|list|modify|remove)
[15:07:19] [Server thread/INFO]: /teammsg <message>
[15:07:19] [Server thread/INFO]: /teleport (<destination>|<location>|<targets>)
[15:07:19] [Server thread/INFO]: /tell -> msg
[15:07:19] [Server thread/INFO]: /tellraw <targets> <message>
[15:07:19] [Server thread/INFO]: /time (add|query|set)
[15:07:19] [Server thread/INFO]: /title <targets> (actionbar|clear|reset|subtitle|times|title)
[15:07:19] [Server thread/INFO]: /tm -> teammsg
[15:07:19] [Server thread/INFO]: /tp -> teleport
[15:07:19] [Server thread/INFO]: /trigger <objective> [add|set]
[15:07:19] [Server thread/INFO]: /w -> msg
[15:07:19] [Server thread/INFO]: /weather (clear|rain|thunder)
[15:07:19] [Server thread/INFO]: /whitelist (add|list|off|on|reload|remove)
[15:07:19] [Server thread/INFO]: /worldborder (add|center|damage|get|set|warning)
[15:07:19] [Server thread/INFO]: /xp -> experience
[15:07:31] [Server thread/INFO]: Saving the game (this may take a moment!)
[15:07:32] [Server thread/INFO]: Saved the game
[15:08:44] [Server thread/INFO]: Kislapet lost connection: Disconnected
[15:08:44] [Server thread/INFO]: Kislapet left the game
[15:10:26] [Server thread/INFO]: Stopping the server
[15:10:26] [Server thread/INFO]: Stopping server
[15:10:26] [Server thread/INFO]: Saving players
[15:10:26] [Server thread/INFO]: Saving worlds
[15:10:26] [Server thread/INFO]: Saving chunks for level 'world'/minecraft:overworld
[15:10:28] [Server thread/INFO]: ThreadedAnvilChunkStorage (world): All chunks are saved
[15:10:28] [Server thread/INFO]: Saving chunks for level 'world'/minecraft:the_end
[15:10:28] [Server thread/INFO]: ThreadedAnvilChunkStorage (DIM1): All chunks are saved
[15:10:28] [Server thread/INFO]: Saving chunks for level 'world'/minecraft:the_nether
[15:10:28] [Server thread/INFO]: ThreadedAnvilChunkStorage (DIM-1): All chunks are saved
[15:10:28] [Server thread/INFO]: ThreadedAnvilChunkStorage (world): All chunks are saved
[15:10:28] [Server thread/INFO]: ThreadedAnvilChunkStorage (DIM1): All chunks are saved
[15:10:28] [Server thread/INFO]: ThreadedAnvilChunkStorage (DIM-1): All chunks are saved
